\BOOKMARK [0][-]{chapter*.2}{\376\377\000K\000i\000v\000o\000n\000a\000t}{}% 1
\BOOKMARK [0][-]{chapter*.3}{\376\377\000A\000b\000s\000t\000r\000a\000c\000t}{}% 2
\BOOKMARK [0][-]{chapter*.4}{\376\377\000B\000e\000v\000e\000z\000e\000t\001\121}{}% 3
\BOOKMARK [0][-]{chapter.1}{\376\377\000E\000l\000m\000\351\000l\000e\000t\000i\000\040\000b\000e\000v\000e\000z\000e\000t\000\351\000s}{}% 4
\BOOKMARK [1][-]{section.1.1}{\376\377\000P\000r\000o\000b\000l\000\351\000m\000a\000f\000e\000l\000v\000e\000t\000\351\000s}{chapter.1}% 5
\BOOKMARK [1][-]{section.1.2}{\376\377\000P\000\341\000l\000y\000a\000t\000e\000r\000v\000e\000z\000\351\000s\000\040\000e\000l\000m\000\351\000l\000e\000t\000e}{chapter.1}% 6
\BOOKMARK [2][-]{subsection.1.2.1}{\376\377\000A\000l\000a\000p\000v\000e\000t\001\121\000\040\000f\000o\000g\000a\000l\000m\000a\000k}{section.1.2}% 7
\BOOKMARK [2][-]{subsection.1.2.2}{\376\377\000P\000\341\000l\000y\000a\000t\000e\000r\000v\000e\000z\001\121\000k\000\040\000o\000s\000z\000t\000\341\000l\000y\000o\000z\000\341\000s\000a}{section.1.2}% 8
\BOOKMARK [0][-]{chapter.2}{\376\377\000A\000z\000\040\000R\000T\000R\000\040\000a\000l\000g\000o\000r\000i\000t\000m\000u\000s}{}% 9
\BOOKMARK [1][-]{section.2.1}{\376\377\000R\000R\000T\000\040\000a\000l\000g\000o\000r\000i\000t\000m\000u\000s}{chapter.2}% 10
\BOOKMARK [1][-]{section.2.2}{\376\377\000R\000T\000R\000\040\000a\000l\000g\000o\000r\000i\000t\000m\000u\000s}{chapter.2}% 11
\BOOKMARK [2][-]{subsection.2.2.1}{\376\377\000M\000i\000n\000t\000a\000v\000\351\000t\000e\000l\000e\000z\000\351\000s}{section.2.2}% 12
\BOOKMARK [2][-]{subsection.2.2.2}{\376\377\000C\000s\000o\000m\000\363\000p\000o\000n\000t\000\040\000k\000i\000v\000\341\000l\000a\000s\000z\000t\000\341\000s}{section.2.2}% 13
\BOOKMARK [2][-]{subsection.2.2.3}{\376\377\000K\000i\000t\000e\000r\000j\000e\000s\000z\000t\000\351\000s}{section.2.2}% 14
\BOOKMARK [2][-]{subsection.2.2.4}{\376\377\000\332\000t\000v\000o\000n\000a\000l\000\040\000m\000e\000g\000h\000a\000t\000\341\000r\000o\000z\000\341\000s\000a\000,\000\040\000o\000p\000t\000i\000m\000a\000l\000i\000z\000\341\000l\000\341\000s\000a}{section.2.2}% 15
\BOOKMARK [1][-]{section.2.3}{\376\377\000I\000m\000p\000l\000e\000m\000e\000n\000t\000\341\000l\000\341\000s}{chapter.2}% 16
\BOOKMARK [2][-]{subsection.2.3.1}{\376\377\000O\000p\000t\000i\000m\000a\000l\000i\000z\000\341\000l\000\341\000s\000o\000k}{section.2.3}% 17
\BOOKMARK [1][-]{section.2.4}{\376\377\000E\000r\000e\000d\000m\000\351\000n\000y\000e\000k}{chapter.2}% 18
\BOOKMARK [0][-]{chapter.3}{\376\377\000P\000\341\000l\000y\000a\000\040\000i\000d\001\121\000p\000a\000r\000a\000m\000\351\000t\000e\000r\000e\000z\000\351\000s\000e}{}% 19
\BOOKMARK [1][-]{section.3.1}{\376\377\000J\000e\000l\000\366\000l\000\351\000s\000e\000k}{chapter.3}% 20
\BOOKMARK [1][-]{section.3.2}{\376\377\000D\000i\000f\000f\000e\000r\000e\000n\000c\000i\000\341\000l\000i\000s\000\040\000r\000o\000b\000o\000t\000m\000o\000d\000e\000l\000l}{chapter.3}% 21
\BOOKMARK [1][-]{section.3.3}{\376\377\000K\000o\000r\000l\000\341\000t\000o\000z\000\341\000s\000o\000k}{chapter.3}% 22
\BOOKMARK [1][-]{section.3.4}{\376\377\000G\000e\000o\000m\000e\000t\000r\000i\000a\000i\000\040\000s\000e\000b\000e\000s\000s\000\351\000g\000p\000r\000o\000f\000i\000l}{chapter.3}% 23
\BOOKMARK [2][-]{subsection.3.4.1}{\376\377\000P\000r\000o\000f\000i\000l\000\040\000v\000i\000s\000s\000z\000a\000t\000e\000r\000j\000e\000s\000z\000t\000\351\000s}{section.3.4}% 24
\BOOKMARK [1][-]{section.3.5}{\376\377\000\332\000j\000r\000a\000m\000i\000n\000t\000a\000v\000\351\000t\000e\000l\000e\000z\000\351\000s}{chapter.3}% 25
\BOOKMARK [2][-]{subsection.3.5.1}{\376\377\000M\000i\000n\000t\000a\000v\000\351\000t\000e\000l\000e\000z\000e\000t\000t\000\040\000p\000\341\000l\000y\000a\000\040\000v\000\351\000g\000p\000o\000n\000t\000j\000a}{section.3.5}% 26
\BOOKMARK [1][-]{section.3.6}{\376\377\000E\000r\000e\000d\000m\000\351\000n\000y\000e\000k}{chapter.3}% 27
\BOOKMARK [0][-]{chapter.4}{\376\377\000P\000\341\000l\000y\000a\000k\000\366\000v\000e\000t\001\121\000\040\000s\000z\000a\000b\000\341\000l\000y\000o\000z\000\341\000s}{}% 28
\BOOKMARK [1][-]{section.4.1}{\376\377\000E\000g\000y\000\040\000h\000e\000l\000y\000b\000e\000n\000\040\000f\000o\000r\000d\000u\000l\000\341\000s}{chapter.4}% 29
\BOOKMARK [1][-]{section.4.2}{\376\377\000P\000\341\000l\000y\000a\000k\000\366\000v\000e\000t\000\351\000s}{chapter.4}% 30
\BOOKMARK [2][-]{subsection.4.2.1}{\376\377\000S\000e\000b\000e\000s\000s\000\351\000g\000s\000z\000a\000b\000\341\000l\000y\000o\000z\000\341\000s}{section.4.2}% 31
\BOOKMARK [2][-]{subsection.4.2.2}{\376\377\000R\000e\000f\000e\000r\000e\000n\000c\000i\000a\000p\000o\000n\000t\000-\000v\000\341\000l\000a\000s\000z\000t\000\341\000s}{section.4.2}% 32
\BOOKMARK [2][-]{subsection.4.2.3}{\376\377\000O\000r\000i\000e\000n\000t\000\341\000c\000i\000\363\000s\000z\000a\000b\000\341\000l\000y\000o\000z\000\341\000s}{section.4.2}% 33
\BOOKMARK [2][-]{subsection.4.2.4}{\376\377\000T\000\372\000l\000h\000a\000l\000a\000d\000\341\000s\000\040\000p\000r\000o\000b\000l\000\351\000m\000\341\000j\000a}{section.4.2}% 34
\BOOKMARK [2][-]{subsection.4.2.5}{\376\377\000O\000r\000i\000e\000n\000t\000\341\000c\000i\000\363\000s\000z\000a\000b\000\341\000l\000y\000o\000z\000\341\000s\000\040\000s\000z\000e\000g\000m\000e\000n\000s\000\040\000v\000\351\000g\000p\000o\000n\000t\000j\000\341\000n\000\341\000l}{section.4.2}% 35
\BOOKMARK [1][-]{section.4.3}{\376\377\000E\000r\000e\000d\000m\000\351\000n\000y\000e\000k}{chapter.4}% 36
\BOOKMARK [0][-]{chapter.5}{\376\377\000R\000e\000n\000d\000s\000z\000e\000r\000\040\000i\000m\000p\000l\000e\000m\000e\000n\000t\000\341\000c\000i\000\363\000j\000a}{}% 37
\BOOKMARK [1][-]{section.5.1}{\376\377\000C\000*\000C\000S\000\040\000p\000\341\000l\000y\000a\000t\000e\000r\000v\000e\000z\001\121}{chapter.5}% 38
\BOOKMARK [1][-]{section.5.2}{\376\377\000V\000-\000R\000E\000P\000\040\000r\000o\000b\000o\000t\000s\000z\000i\000m\000u\000l\000\341\000t\000o\000r}{chapter.5}% 39
\BOOKMARK [2][-]{subsection.5.2.1}{\376\377\000K\000e\000r\000e\000t\000r\000e\000n\000d\000s\000z\000e\000r}{section.5.2}% 40
\BOOKMARK [2][-]{subsection.5.2.2}{\376\377\000S\000z\000i\000m\000u\000l\000\341\000c\000i\000\363\000s\000\040\000e\000r\000e\000d\000m\000\351\000n\000y\000e\000k}{section.5.2}% 41
\BOOKMARK [1][-]{section.5.3}{\376\377\000V\000a\000l\000\363\000s\000\040\000r\000o\000b\000o\000t}{chapter.5}% 42
\BOOKMARK [2][-]{subsection.5.3.1}{\376\377\000A\000\040\000r\000o\000b\000o\000t\000\040\000i\000r\000\341\000n\000y\000\355\000t\000\363\000r\000e\000n\000d\000s\000z\000e\000r\000e}{section.5.3}% 43
\BOOKMARK [2][-]{subsection.5.3.2}{\376\377\000V\000a\000l\000\363\000s\000\040\000e\000r\000e\000d\000m\000\351\000n\000y\000e\000k}{section.5.3}% 44
\BOOKMARK [0][-]{chapter.6}{\376\377\000\326\000s\000s\000z\000e\000g\000z\000\351\000s}{}% 45
\BOOKMARK [0][-]{chapter*.54}{\376\377\000K\000\366\000s\000z\000\366\000n\000e\000t\000n\000y\000i\000l\000v\000\341\000n\000\355\000t\000\341\000s}{}% 46
\BOOKMARK [0][-]{chapter*.55}{\376\377\000I\000r\000o\000d\000a\000l\000o\000m\000j\000e\000g\000y\000z\000\351\000k}{}% 47
\BOOKMARK [0][-]{appendix*.56}{\376\377\000F\000\374\000g\000g\000e\000l\000\351\000k}{}% 48
\BOOKMARK [1][-]{section.F.1}{\376\377\000M\000e\000g\000j\000e\000g\000y\000z\000\351\000s\000\040\000a\000\040\000C\000D\000\040\000m\000e\000l\000l\000\351\000k\000l\000e\000t\000t\000e\000l\000\040\000k\000a\000p\000c\000s\000o\000l\000a\000t\000b\000a\000n}{appendix*.56}% 49
