\BOOKMARK [0][-]{chapter*.2}{Kivonat}{}% 1
\BOOKMARK [0][-]{chapter*.3}{Abstract}{}% 2
\BOOKMARK [0][-]{chapter.1}{P\341lyatervez\351s elm\351lete - 5 oldal CsG/NA}{}% 3
\BOOKMARK [1][-]{section.1.1}{Glob\341lis tervezok}{chapter.1}% 4
\BOOKMARK [1][-]{section.1.2}{Lok\341lis tervezok}{chapter.1}% 5
\BOOKMARK [0][-]{chapter.2}{Az RRT, RTT algoritmus - 10 oldal NA}{}% 6
\BOOKMARK [1][-]{section.2.1}{RRT}{chapter.2}% 7
\BOOKMARK [1][-]{section.2.2}{RTR}{chapter.2}% 8
\BOOKMARK [0][-]{chapter.3}{A C*CS, ccS algoritmus - 10 oldal CsG}{}% 9
\BOOKMARK [0][-]{chapter.4}{P\341lya idoparam\351terez\351se - 10 oldal CsG/NA}{}% 10
\BOOKMARK [1][-]{section.4.1}{Differenci\341lis robotmodell NA}{chapter.4}% 11
\BOOKMARK [1][-]{section.4.2}{Aut\363szeru robotmodell CsG}{chapter.4}% 12
\BOOKMARK [0][-]{chapter.5}{P\341lyak\366veto szab\341lyoz\341s - 10 oldal CsG/NA}{}% 13
\BOOKMARK [1][-]{section.5.1}{Differenci\341lis robotmodell}{chapter.5}% 14
\BOOKMARK [1][-]{section.5.2}{Aut\363szeru robotmodell}{chapter.5}% 15
\BOOKMARK [0][-]{chapter.6}{Algoritmusok megval\363s\355t\341sa - 4 oldal CsG/NA}{}% 16
\BOOKMARK [1][-]{section.6.1}{Szimul\341ci\363}{chapter.6}% 17
\BOOKMARK [1][-]{section.6.2}{Val\363s robotok}{chapter.6}% 18
\BOOKMARK [0][-]{chapter.7}{\326sszegz\351s - 1 oldal CsG/NA}{}% 19
\BOOKMARK [1][-]{section.7.1}{\311rt\351kel\351s}{chapter.7}% 20
\BOOKMARK [1][-]{section.7.2}{J\366vobeli fejleszt\351sek}{chapter.7}% 21
