\BOOKMARK [0][-]{chapter*.2}{Kivonat}{}% 1
\BOOKMARK [0][-]{chapter*.3}{Abstract}{}% 2
\BOOKMARK [0][-]{chapter.1}{Bevezet\351s}{}% 3
\BOOKMARK [1][-]{section.1.1}{Probl\351mafelvet\351s}{chapter.1}% 4
\BOOKMARK [1][-]{section.1.2}{P\341lyatervez\351s elm\351lete}{chapter.1}% 5
\BOOKMARK [2][-]{subsection.1.2.1}{Alapveto fogalmak}{section.1.2}% 6
\BOOKMARK [2][-]{subsection.1.2.2}{Oszt\341lyoz\341s}{section.1.2}% 7
\BOOKMARK [0][-]{chapter.2}{A C*CS, ccS algoritmus}{}% 8
\BOOKMARK [1][-]{section.2.1}{Reeds-Shepp lok\341lis p\341ly\341k}{chapter.2}% 9
\BOOKMARK [1][-]{section.2.2}{C*CS lok\341lis p\341ly\341k}{chapter.2}% 10
\BOOKMARK [1][-]{section.2.3}{C*CS approxim\341ci\363s m\363dszer}{chapter.2}% 11
\BOOKMARK [2][-]{subsection.2.3.1}{Glob\341lis tervezo}{section.2.3}% 12
\BOOKMARK [2][-]{subsection.2.3.2}{Lok\341lis tervezo}{section.2.3}% 13
\BOOKMARK [2][-]{subsection.2.3.3}{ARM}{section.2.3}% 14
\BOOKMARK [2][-]{subsection.2.3.4}{CS}{section.2.3}% 15
\BOOKMARK [1][-]{section.2.4}{ccS}{chapter.2}% 16
\BOOKMARK [1][-]{section.2.5}{Eredm\351nyek}{chapter.2}% 17
\BOOKMARK [0][-]{chapter.3}{Az RTR algoritmus}{}% 18
\BOOKMARK [1][-]{section.3.1}{RRT algoritmus}{chapter.3}% 19
\BOOKMARK [1][-]{section.3.2}{RTR algoritmus}{chapter.3}% 20
\BOOKMARK [2][-]{subsection.3.2.1}{Mintav\351telez\351s}{section.3.2}% 21
\BOOKMARK [2][-]{subsection.3.2.2}{Csom\363pont kiv\341laszt\341s}{section.3.2}% 22
\BOOKMARK [2][-]{subsection.3.2.3}{Kiterjeszt\351s}{section.3.2}% 23
\BOOKMARK [2][-]{subsection.3.2.4}{\332tvonal meghat\341roz\341sa, optimaliz\341l\341sa}{section.3.2}% 24
\BOOKMARK [1][-]{section.3.3}{Eredm\351nyek}{chapter.3}% 25
\BOOKMARK [0][-]{chapter.4}{P\341lya idoparam\351terez\351se}{}% 26
\BOOKMARK [1][-]{section.4.1}{Jel\366l\351sek}{chapter.4}% 27
\BOOKMARK [1][-]{section.4.2}{Differenci\341lis robotmodell}{chapter.4}% 28
\BOOKMARK [2][-]{subsection.4.2.1}{Korl\341toz\341sok}{section.4.2}% 29
\BOOKMARK [2][-]{subsection.4.2.2}{Geometriai sebess\351gprofil}{section.4.2}% 30
\BOOKMARK [2][-]{subsection.4.2.3}{\332jramintav\351telez\351s}{section.4.2}% 31
\BOOKMARK [1][-]{section.4.3}{Aut\363szeru robotmodell}{chapter.4}% 32
\BOOKMARK [2][-]{subsection.4.3.1}{Korl\341toz\341sok}{section.4.3}% 33
\BOOKMARK [2][-]{subsection.4.3.2}{Geometriai sebess\351gprofil}{section.4.3}% 34
\BOOKMARK [0][-]{chapter.5}{P\341lyak\366veto szab\341lyoz\341s}{}% 35
\BOOKMARK [1][-]{section.5.1}{Differenci\341lis robotmodell}{chapter.5}% 36
\BOOKMARK [2][-]{subsection.5.1.1}{Egy helyben fordul\341s}{section.5.1}% 37
\BOOKMARK [2][-]{subsection.5.1.2}{P\341lyak\366vet\351s}{section.5.1}% 38
\BOOKMARK [1][-]{section.5.2}{Aut\363szeru robotmodell}{chapter.5}% 39
\BOOKMARK [2][-]{subsection.5.2.1}{Virtu\341lis vonalk\366vezo szab\341lyoz\341s}{section.5.2}% 40
\BOOKMARK [0][-]{chapter.6}{Algoritmusok megval\363s\355t\341sa - 4 oldal CsG/NA}{}% 41
\BOOKMARK [1][-]{section.6.1}{Szimul\341ci\363}{chapter.6}% 42
\BOOKMARK [1][-]{section.6.2}{Val\363s robotok}{chapter.6}% 43
\BOOKMARK [0][-]{chapter.7}{\326sszegz\351s - 1 oldal CsG/NA}{}% 44
\BOOKMARK [1][-]{section.7.1}{\311rt\351kel\351s}{chapter.7}% 45
\BOOKMARK [1][-]{section.7.2}{J\366vobeli fejleszt\351sek}{chapter.7}% 46
\BOOKMARK [0][-]{chapter*.32}{Irodalomjegyz\351k}{}% 47
